     1                                  ; naskfunc
     2                                  ; TAB=4
     3                                  
     4                                  ; NASMではエラーが出るのでコメントアウト
     5                                  ;[FORMAT "WCOFF"] ; オブジェクトファイルを作るモード
     6                                  [BITS 32] ; 32ビットモードの機械語を作らせる
     7                                  
     8                                  ; NASMではエラーが出るのでコメントアウト
     9                                  ;[FILE "naskfunc.nas]
    10                                  	GLOBAL _io_hlt, _io_cli, _io_sti, _io_stihlt
    11                                  	GLOBAL _io_in8, _io_in16, _io_in32
    12                                  	GLOBAL _io_out8, _io_out16, _io_out_32
    13                                  	GLOBAL _io_load_eflags, _io_store_eflags
    14                                  
    15                                  ; 以下は実際の関数
    16                                  [SECTION .text] ; オブジェクトファイルではこれを書いてからプログラムを書く
    17                                  _io_hlt: ; void io_hlt(void);
    18 00000000 F4                      	HLT
    19 00000001 C3                      	RET
    20                                  
    21                                  _io_cli: ; void _io_cli(void);
    22 00000002 FA                      	CLI
    23 00000003 C3                      	RET
    24                                  
    25                                  _io_sti: ; void _io_sti(void);
    26 00000004 FB                      	STI
    27 00000005 C3                      	RET
    28                                  
    29                                  _io_stihlt: ; void _io_stihlt(void);
    30 00000006 FB                      	STI
    31 00000007 F4                      	HLT
    32 00000008 C3                      	RET
    33                                  
    34                                  _io_in8: ; int _io_in8(int port);
    35 00000009 8B542404                	MOV EDX,[ESP+4]
    36 0000000D B800000000              	MOV EAX,0
    37 00000012 EC                      	IN	AL,DX
    38 00000013 C3                      	RET
    39                                  
    40                                  _io_in16: ; int _io_in16(int port);
    41 00000014 8B542404                	MOV EDX,[ESP+4]
    42 00000018 B800000000              	MOV EAX,0
    43 0000001D 66ED                    	IN	AX,DX
    44 0000001F C3                      	RET
    45                                  
    46                                  _io_in32: ; int _io_in32(int port);
    47 00000020 8B542404                	MOV EDX,[ESP+4]
    48 00000024 B800000000              	MOV EAX,0
    49 00000029 ED                      	IN	EAX,DX
    50 0000002A C3                      	RET
    51                                  
    52                                  _io_out8: ; void _io_out8(int port, int data);
    53 0000002B 8B542404                	MOV EDX,[ESP+4]
    54 0000002F 8A442408                	MOV AL,[ESP+8]
    55 00000033 EE                      	OUT DX,AL
    56 00000034 C3                      	RET
    57                                  
    58                                  _io_out16: ; void _io_out16(int port, int data);
    59 00000035 8B542404                	MOV EDX,[ESP+4]
    60 00000039 8A442408                	MOV AL,[ESP+8]
    61 0000003D 66EF                    	OUT DX,AX
    62 0000003F C3                      	RET
    63                                  
    64                                  _io_out32: ; void _io_out32(int port, int data);
    65 00000040 8B542404                	MOV EDX,[ESP+4]
    66 00000044 8A442408                	MOV AL,[ESP+8]
    67 00000048 EF                      	OUT DX,EAX
    68 00000049 C3                      	RET
    69                                  
    70                                  _io_load_eflags: ; int _io_load_eflags(void);
    71 0000004A 9C                      	PUSHFD
    72 0000004B 58                      	POP EAX
    73 0000004C C3                      	RET
    74                                  
    75                                  _io_store_eflags ; void _io_store_eflags(int eflags);
    75          ******************       warning: label alone on a line without a colon might be in error [-w+label-orphan]
    76 0000004D 8B442404                	MOV EAX,[ESP+4]
    77 00000051 50                      	PUSH EAX
    78 00000052 9D                      	POPFD
    79 00000053 C3                      	RET
