     1                                  ; haribote-os
     2                                  ; TAB=4
     3                                  
     4                                  BOTPAK	EQU	0x00280000 ; bootpackのロード先
     5                                  DSKCAC	EQU 0x00100000 ; ディスクキャッシュの場所
     6                                  DSKCAC0	EQU	0x00008000 ; ディスクキャッシュの場所（リアルモード）
     7                                  
     8                                  ; BOOT_INFO関係
     9                                  CYLS 	EQU	0x0ff0
    10                                  LEDS	EQU	0x0ff1
    11                                  VMODE	EQU 0x0ff2
    12                                  SCRNX	EQU	0xff4 ; 解像度のX
    13                                  SCRNY	EQU	0xff6 ; 解像度のY
    14                                  VRAM	EQU	0xff8 ; グラフィックバッファの開始番地
    15                                  
    16                                  		ORG 0xc200
    17                                  
    18 00000000 B013                    		MOV	AL,0x13
    19 00000002 B400                    		MOV	AH,0x00
    20 00000004 CD10                    		INT	0x10
    21 00000006 C606F20F08              		MOV	BYTE [VMODE],8
    22 0000000B C706F40F4001            		MOV	WORD [SCRNX],320
    23 00000011 C706F60FC800            		MOV	WORD [SCRNY], 200
    24 00000017 66C706F80F00000A00      		MOV	DWORD [VRAM], 0x000a0000
    25                                  
    26                                  ; キーボードのLED状態をBIOSに教えてもらう
    27 00000020 B402                    		MOV	AH,0x02
    28 00000022 CD16                    		INT	0x16 ; keyboard BIOS
    29 00000024 A2F10F                  		MOV	[LEDS],AL
    30                                  
    31                                  ; PICが一切の割り込みを受け付けないようにする
    32 00000027 B0FF                    		MOV	AL,0xff
    33 00000029 E621                    		OUT	0x21,AL
    34 0000002B 90                      		NOP ; OUT命令が連続するとうまくいかない機種があるらしい
    35 0000002C E6A1                    		OUT	0xa1,AL
    36                                  
    37 0000002E FA                      		CLI	; CPUレベルでも割り込み禁止
    38                                  
    39                                  ; CPUから1MB以上のメモリにアクセスできるようにA20GATEを設定
    40                                  
    41 0000002F E8B500                  		CALL waitkbdout
    42 00000032 B0D1                    		MOV	AL,0xd1
    43 00000034 E664                    		OUT	0x64,AL
    44 00000036 E8AE00                  		CALL waitkbdout
    45 00000039 B0DF                    		MOV	AL,0xdf
    46 0000003B E660                    		OUT	0x60,AL
    47 0000003D E8A700                  		CALL waitkbdout
    48                                  
    49                                  ; プロテクトモード移行
    50                                  
    51                                  ;nasmだとerror: unrecognized directive [INSTRSET]というエラーが出るのでコメントアウト
    52                                  ;[INSTRSET "i486p"] ; 486の命令まで使いたいという記述
    53                                  
    54 00000040 0F0116[2A01]            		LGDT [GDTR0] ; 暫定GDTを設定
    55 00000045 0F20C0                  		MOV	EAX,CR0
    56 00000048 6625FFFFFF7F            		AND	EAX,0x7fffffff ; bit31を0にする（ページング禁止）
    57 0000004E 6683C801                		OR	EAX,0x00000001 ; bit0を1にする（プロテクトモード移行のため）
    58 00000052 0F22C0                  		MOV	CR0,EAX
    59 00000055 EB00                    		JMP	pipelineflush
    60                                  
    61                                  pipelineflush:
    62 00000057 B80800                  		MOV	AX,1*8 ; 読み書き可能セグメント32bit
    63 0000005A 8ED8                    		MOV	DS,AX
    64 0000005C 8EC0                    		MOV ES,AX
    65 0000005E 8EE0                    		MOV	FS,AX
    66 00000060 8EE8                    		MOV	GS,AX
    67 00000062 8ED0                    		MOV	SS,AX
    68                                  
    69                                  ; bootpackの転送
    70 00000064 66BE[30010000]          		MOV	ESI,bootpack ; 転送元
    71 0000006A 66BF00002800            		MOV	EDI,BOTPAK ; 転送先
    72 00000070 66B900000200            		MOV	ECX,512*1024/4
    73 00000076 E87500                  		CALL memcpy
    74                                  
    75                                  ; ついでにディスクデータも本来の位置へ転送
    76                                  
    77                                  ; まずはブートセクタから
    78 00000079 66BE007C0000            		MOV	ESI,0x7c00 ; 転送元
    79 0000007F 66BF00001000            		MOV EDI,DSKCAC ; 転送先
    80 00000085 66B980000000            		MOV	ECX,512/4
    81 0000008B E86000                  		CALL memcpy
    82                                  
    83                                  ; 残り全部
    84                                  
    85 0000008E 66BE00820000            		MOV	ESI,DSKCAC0+512 ; 転送元
    86 00000094 66BF00021000            		MOV	EDI,DSKCAC+512 ; 転送先
    87 0000009A 66B900000000            		MOV	ECX,0
    88 000000A0 8A0EF00F                		MOV	CL,BYTE [CYLS]
    89 000000A4 6669C900120000          		IMUL ECX,512*18*2/4 ; シリンダ数からバイト数/4に変換
    90 000000AB 6681E980000000          		SUB	ECX,512/4 ; IPLの分だけ差し引く
    91 000000B2 E83900                  		CALL memcpy
    92                                  
    93                                  ; asmheadでしなければいけないことは全部終わったので後はbootpackに任せる
    94                                  
    95                                  ; bootpackの起動
    96 000000B5 66BB00002800            		MOV	EBX, BOTPAK
    97 000000BB 66678B4B10              		MOV	ECX, [EBX+16]
    98 000000C0 6683C103                		ADD	ECX,3
    99 000000C4 66C1E902                		SHR	ECX,2
   100 000000C8 7410                    		JZ	skip
   101 000000CA 66678B7314              		MOV	ESI,[EBX+20]
   102 000000CF 6601DE                  		ADD	ESI,EBX
   103 000000D2 66678B7B0C              		MOV	EDI,[EBX+12]
   104 000000D7 E81400                  		CALL memcpy
   105                                  
   106                                  skip:
   107 000000DA 66678B630C              	MOV	ESP,[EBX+12] ; スタック初期値
   108 000000DF 66EA1B0000001000        	JMP	DWORD 2*8:0x0000001b
   109                                  
   110                                  waitkbdout:
   111 000000E7 E464                    	IN	AL,0x64
   112 000000E9 2402                    	AND	AL,0x02
   113 000000EB 75FA                    	JNZ	waitkbdout
   114 000000ED C3                      	RET
   115                                  
   116                                  memcpy:
   117 000000EE 66678B06                	MOV	EAX,[ESI]
   118 000000F2 6683C604                	ADD	ESI,4
   119 000000F6 66678907                	MOV	[EDI],EAX
   120 000000FA 6683C704                	ADD	EDI,4
   121 000000FE 6683E901                	SUB	ECX,1
   122 00000102 75EA                    	JNZ	memcpy
   123 00000104 C3                      	RET
   124                                  
   125 00000105 <res Bh>                	ALIGNB 16
   126                                  
   127                                  GDT0:
   128 00000110 ????????????????        	RESB 8
   128          ******************       warning: uninitialized space declared in .text section: zeroing [-w+zeroing]
   129 00000118 FFFF00000092CF00        	DW	0xffff,0x0000,0x9200,0x00cf	; 読み書き可能セグメント32bit
   130 00000120 FFFF0000289A4700        	DW	0xffff,0x0000,0x9a28,0x0047	; 実行可能セグメント32bit（bootpack用）	
   131                                  
   132 00000128 0000                    	DW	0
   133                                  
   134                                  GDTR0:
   135 0000012A 1700                    	DW	8*3-1
   136 0000012C [10010000]              	DD	GDT0
   137                                  
   138                                  	ALIGNB 16
   139                                  
   140                                  bootpack:
