     1                                  ; haribote-os
     2                                  ; TAB=4
     3                                  
     4                                  CYLS 	EQU	0x0ff0
     5                                  LEDS	EQU	0x0ff1
     6                                  VMODE	EQU 0x0ff2
     7                                  SCRNX	EQU	0xff4 ; 解像度のX
     8                                  SCRNY	EQU	0xff6 ; 解像度のY
     9                                  VRAM	EQU	0xff8 ; グラフィックバッファの開始番地
    10                                  
    11                                  		ORG 0xc200
    12                                  
    13 00000000 B013                    		MOV	AL,0x13
    14 00000002 B400                    		MOV	AH,0x00
    15 00000004 CD10                    		INT	0x10
    16 00000006 C606F20F08              		MOV	BYTE [VMODE],8
    17 0000000B C706F40F4001            		MOV	WORD [SCRNX],320
    18 00000011 C706F60FC800            		MOV	WORD [SCRNY], 200
    19 00000017 66C706F80F00000A00      		MOV	DWORD [VRAM], 0x000a0000
    20                                  
    21                                  ; キーボードのLED状態をBIOSに教えてもらう
    22 00000020 B402                    		MOV	AH,0x02
    23 00000022 CD16                    		INT	0x16 ; keyboard BIOS
    24 00000024 A2F10F                  		MOV	[LEDS],AL
    25                                  fin:
    26 00000027 F4                      		HLT
    27 00000028 EBFD                    		JMP		fin
