     1                                  ; naskfunc
     2                                  ; TAB=4
     3                                  
     4                                  ; NASMではエラーが出るのでコメントアウト
     5                                  ;[FORMAT "WCOFF"] ; オブジェクトファイルを作るモード
     6                                  [BITS 32] ; 32ビットモードの機械語を作らせる
     7                                  
     8                                  ; NASMではエラーが出るのでコメントアウト
     9                                  ;[FILE "naskfunc.nas]
    10                                  	GLOBAL _io_hlt, _io_cli, _io_sti, _io_stihlt
    11                                  	GLOBAL _io_in8, _io_in16, _io_in32
    12                                  	GLOBAL _io_out8, _io_out16, _io_out_32
    13                                  	GLOBAL _io_load_eflags, _io_store_eflags
    14                                  	GLOBAL _load_gdtr, _load_idtr
    15                                  
    16                                  ; 以下は実際の関数
    17                                  [SECTION .text] ; オブジェクトファイルではこれを書いてからプログラムを書く
    18                                  _io_hlt: ; void io_hlt(void);
    19 00000000 F4                      	HLT
    20 00000001 C3                      	RET
    21                                  
    22                                  _io_cli: ; void _io_cli(void);
    23 00000002 FA                      	CLI
    24 00000003 C3                      	RET
    25                                  
    26                                  _io_sti: ; void _io_sti(void);
    27 00000004 FB                      	STI
    28 00000005 C3                      	RET
    29                                  
    30                                  _io_stihlt: ; void _io_stihlt(void);
    31 00000006 FB                      	STI
    32 00000007 F4                      	HLT
    33 00000008 C3                      	RET
    34                                  
    35                                  _io_in8: ; int _io_in8(int port);
    36 00000009 8B542404                	MOV EDX,[ESP+4]
    37 0000000D B800000000              	MOV EAX,0
    38 00000012 EC                      	IN	AL,DX
    39 00000013 C3                      	RET
    40                                  
    41                                  _io_in16: ; int _io_in16(int port);
    42 00000014 8B542404                	MOV EDX,[ESP+4]
    43 00000018 B800000000              	MOV EAX,0
    44 0000001D 66ED                    	IN	AX,DX
    45 0000001F C3                      	RET
    46                                  
    47                                  _io_in32: ; int _io_in32(int port);
    48 00000020 8B542404                	MOV EDX,[ESP+4]
    49 00000024 B800000000              	MOV EAX,0
    50 00000029 ED                      	IN	EAX,DX
    51 0000002A C3                      	RET
    52                                  
    53                                  _io_out8: ; void _io_out8(int port, int data);
    54 0000002B 8B542404                	MOV EDX,[ESP+4]
    55 0000002F 8A442408                	MOV AL,[ESP+8]
    56 00000033 EE                      	OUT DX,AL
    57 00000034 C3                      	RET
    58                                  
    59                                  _io_out16: ; void _io_out16(int port, int data);
    60 00000035 8B542404                	MOV EDX,[ESP+4]
    61 00000039 8A442408                	MOV AL,[ESP+8]
    62 0000003D 66EF                    	OUT DX,AX
    63 0000003F C3                      	RET
    64                                  
    65                                  _io_out32: ; void _io_out32(int port, int data);
    66 00000040 8B542404                	MOV EDX,[ESP+4]
    67 00000044 8A442408                	MOV AL,[ESP+8]
    68 00000048 EF                      	OUT DX,EAX
    69 00000049 C3                      	RET
    70                                  
    71                                  _io_load_eflags: ; int _io_load_eflags(void);
    72 0000004A 9C                      	PUSHFD
    73 0000004B 58                      	POP EAX
    74 0000004C C3                      	RET
    75                                  
    76                                  _io_store_eflags ; void _io_store_eflags(int eflags);
    76          ******************       warning: label alone on a line without a colon might be in error [-w+label-orphan]
    77 0000004D 8B442404                	MOV EAX,[ESP+4]
    78 00000051 50                      	PUSH EAX
    79 00000052 9D                      	POPFD
    80 00000053 C3                      	RET
    81                                  
    82                                  _load_gdtr: ; void _load_gdtr(int limit, int addr);
    83 00000054 668B442404              	MOV	AX,[ESP+4]
    84 00000059 6689442406              	MOV	[ESP+6],AX
    85 0000005E 0F01542406              	LGDT [ESP+6]
    86 00000063 C3                      	RET
    87                                  
    88                                  _load_idtr: ; void _load_idtr(int limit, int addr);
    89 00000064 668B442404              	MOV AX,[ESP+4]
    90 00000069 6689442406              	MOV	[ESP+6],AX
    91 0000006E 0F015C2406              	LIDT [ESP+6]
    92 00000073 C3                      	RET
